<?xml version="1.0" encoding="UTF-8"?>
<testng-results skipped="0" failed="0" total="1" passed="1">
  <reporter-output>
  </reporter-output>
  <suite name="ERM Sanity Suite" duration-ms="20615" started-at="2016-08-12T11:07:32Z" finished-at="2016-08-12T11:07:52Z">
    <groups>
    </groups>
    <test name="Sanity" duration-ms="20615" started-at="2016-08-12T11:07:32Z" finished-at="2016-08-12T11:07:52Z">
      <class name="learn.amit.TestFramework.SanityTask">
        <test-method status="PASS" signature="before()[pri:0, instance:learn.amit.TestFramework.SanityTask@d041cf]" name="before" is-config="true" duration-ms="10163" started-at="2016-08-12T16:37:32Z" finished-at="2016-08-12T16:37:42Z">
          <reporter-output>
          </reporter-output>
        </test-method> <!-- before -->
        <test-method status="PASS" signature="userLoginWithValidCredentials()[pri:0, instance:learn.amit.TestFramework.SanityTask@d041cf]" name="userLoginWithValidCredentials" duration-ms="5375" started-at="2016-08-12T16:37:42Z" finished-at="2016-08-12T16:37:47Z">
          <reporter-output>
          </reporter-output>
        </test-method> <!-- userLoginWithValidCredentials -->
        <test-method status="PASS" signature="closeBrowser()[pri:0, instance:learn.amit.TestFramework.SanityTask@d041cf]" name="closeBrowser" is-config="true" duration-ms="5058" started-at="2016-08-12T16:37:47Z" finished-at="2016-08-12T16:37:52Z">
          <reporter-output>
          </reporter-output>
        </test-method> <!-- closeBrowser -->
      </class> <!-- learn.amit.TestFramework.SanityTask -->
    </test> <!-- Sanity -->
  </suite> <!-- ERM Sanity Suite -->
</testng-results>
