<?xml version="1.0" encoding="UTF-8"?>
<testng-results skipped="0" failed="0" total="2" passed="2">
  <reporter-output>
  </reporter-output>
  <suite name="ERM Sanity Suite" duration-ms="22506" started-at="2016-08-17T09:22:46Z" finished-at="2016-08-17T09:23:09Z">
    <groups>
    </groups>
    <test name="Sanity" duration-ms="22506" started-at="2016-08-17T09:22:46Z" finished-at="2016-08-17T09:23:09Z">
      <class name="learn.amit.TestFramework.SanityTask">
        <test-method status="PASS" signature="before()[pri:0, instance:learn.amit.TestFramework.SanityTask@d041cf]" name="before" is-config="true" duration-ms="11805" started-at="2016-08-17T14:52:46Z" finished-at="2016-08-17T14:52:58Z">
          <reporter-output>
          </reporter-output>
        </test-method> <!-- before -->
        <test-method status="PASS" signature="userLoginWithValidCredentials()[pri:0, instance:learn.amit.TestFramework.SanityTask@d041cf]" name="userLoginWithValidCredentials" duration-ms="4707" started-at="2016-08-17T14:52:58Z" finished-at="2016-08-17T14:53:03Z">
          <reporter-output>
          </reporter-output>
        </test-method> <!-- userLoginWithValidCredentials -->
        <test-method status="PASS" signature="clickOnMenuItemSkills()[pri:1, instance:learn.amit.TestFramework.SanityTask@d041cf]" name="clickOnMenuItemSkills" duration-ms="960" started-at="2016-08-17T14:53:03Z" finished-at="2016-08-17T14:53:04Z">
          <reporter-output>
          </reporter-output>
        </test-method> <!-- clickOnMenuItemSkills -->
        <test-method status="PASS" signature="closeBrowser()[pri:0, instance:learn.amit.TestFramework.SanityTask@d041cf]" name="closeBrowser" is-config="true" duration-ms="5023" started-at="2016-08-17T14:53:04Z" finished-at="2016-08-17T14:53:09Z">
          <reporter-output>
          </reporter-output>
        </test-method> <!-- closeBrowser -->
      </class> <!-- learn.amit.TestFramework.SanityTask -->
    </test> <!-- Sanity -->
  </suite> <!-- ERM Sanity Suite -->
</testng-results>
